Using pre-set license
Built from '2020.3/staging' branch; Version is '2020.3.19f1 (68f137dc9bbe) revision 6877495'; Using compiler version '192528614'; Build Type 'Release'
OS: 'Windows 10 Pro; OS build 19042.1237; Version 2009; 64bit' Language: 'pl' Physical Memory: 32730 MB
BatchMode: 1, IsHumanControllingUs: 0, StartBugReporterOnCrash: 0, Is64bit: 1, IsPro: 0

COMMAND LINE ARGUMENTS:
C:\Program Files\Unity\Hub\Editor\2020.3.19f1\Editor\Unity.exe
-adb2
-batchMode
-noUpm
-name
AssetImportWorker0
-projectPath
C:/Users/PC/Desktop/NAZWE_DA_SIE_POTEM-main
-logFile
Logs/AssetImportWorker0.log
-srvPort
53508
Successfully changed project path to: C:/Users/PC/Desktop/NAZWE_DA_SIE_POTEM-main
C:/Users/PC/Desktop/NAZWE_DA_SIE_POTEM-main
Using Asset Import Pipeline V2.
Refreshing native plugins compatible for Editor in 26.73 ms, found 2 plugins.
Preloading 0 native plugins for Editor in 0.00 ms.
Initialize engine version: 2020.3.19f1 (68f137dc9bbe)
[Subsystems] Discovering subsystems at path C:/Program Files/Unity/Hub/Editor/2020.3.19f1/Editor/Data/Resources/UnitySubsystems
[Subsystems] Discovering subsystems at path C:/Users/PC/Desktop/NAZWE_DA_SIE_POTEM-main/Assets
GfxDevice: creating device client; threaded=0
Direct3D:
    Version:  Direct3D 11.0 [level 11.1]
    Renderer: NVIDIA GeForce RTX 3070 Ti (ID=0x2482)
    Vendor:   
    VRAM:     8041 MB
    Driver:   30.0.14.7212
Initialize mono
Mono path[0] = 'C:/Program Files/Unity/Hub/Editor/2020.3.19f1/Editor/Data/Managed'
Mono path[1] = 'C:/Program Files/Unity/Hub/Editor/2020.3.19f1/Editor/Data/MonoBleedingEdge/lib/mono/unityjit'
Mono config path = 'C:/Program Files/Unity/Hub/Editor/2020.3.19f1/Editor/Data/MonoBleedingEdge/etc'
Using monoOptions --debugger-agent=transport=dt_socket,embedding=1,server=y,suspend=n,address=127.0.0.1:56840
Begin MonoManager ReloadAssembly
Registering precompiled unity dll's ...
Register platform support module: C:/Program Files/Unity/Hub/Editor/2020.3.19f1/Editor/Data/PlaybackEngines/WindowsStandaloneSupport/UnityEditor.WindowsStandalone.Extensions.dll
Registered in 0.001557 seconds.
Native extension for WindowsStandalone target not found
Refreshing native plugins compatible for Editor in 26.40 ms, found 2 plugins.
Preloading 0 native plugins for Editor in 0.00 ms.
Mono: successfully reloaded assembly
- Completed reload, in  0.880 seconds
Domain Reload Profiling:
	ReloadAssembly (880ms)
		BeginReloadAssembly (45ms)
			ExecutionOrderSort (0ms)
			DisableScriptedObjects (0ms)
			BackupInstance (0ms)
			ReleaseScriptingObjects (0ms)
			CreateAndSetChildDomain (1ms)
		EndReloadAssembly (356ms)
			LoadAssemblies (43ms)
			RebuildTransferFunctionScriptingTraits (0ms)
			SetupTypeCache (138ms)
			ReleaseScriptCaches (0ms)
			RebuildScriptCaches (31ms)
			SetupLoadedEditorAssemblies (131ms)
				LogAssemblyErrors (0ms)
				InitializePlatformSupportModulesInManaged (3ms)
				SetLoadedEditorAssemblies (0ms)
				RefreshPlugins (26ms)
				BeforeProcessingInitializeOnLoad (7ms)
				ProcessInitializeOnLoadAttributes (66ms)
				ProcessInitializeOnLoadMethodAttributes (28ms)
				AfterProcessingInitializeOnLoad (0ms)
				EditorAssembliesLoaded (0ms)
			ExecutionOrderSort2 (0ms)
			AwakeInstancesAfterBackupRestoration (0ms)
Platform modules already initialized, skipping
Registering precompiled user dll's ...
Registered in 0.002350 seconds.
Begin MonoManager ReloadAssembly
Native extension for WindowsStandalone target not found
Refreshing native plugins compatible for Editor in 0.23 ms, found 2 plugins.
Preloading 0 native plugins for Editor in 0.00 ms.
Mono: successfully reloaded assembly
- Completed reload, in  0.821 seconds
Domain Reload Profiling:
	ReloadAssembly (822ms)
		BeginReloadAssembly (124ms)
			ExecutionOrderSort (0ms)
			DisableScriptedObjects (4ms)
			BackupInstance (0ms)
			ReleaseScriptingObjects (0ms)
			CreateAndSetChildDomain (15ms)
		EndReloadAssembly (648ms)
			LoadAssemblies (66ms)
			RebuildTransferFunctionScriptingTraits (0ms)
			SetupTypeCache (229ms)
			ReleaseScriptCaches (0ms)
			RebuildScriptCaches (35ms)
			SetupLoadedEditorAssemblies (236ms)
				LogAssemblyErrors (0ms)
				InitializePlatformSupportModulesInManaged (4ms)
				SetLoadedEditorAssemblies (0ms)
				RefreshPlugins (0ms)
				BeforeProcessingInitializeOnLoad (44ms)
				ProcessInitializeOnLoadAttributes (178ms)
				ProcessInitializeOnLoadMethodAttributes (4ms)
				AfterProcessingInitializeOnLoad (5ms)
				EditorAssembliesLoaded (0ms)
			ExecutionOrderSort2 (0ms)
			AwakeInstancesAfterBackupRestoration (5ms)
Platform modules already initialized, skipping
========================================================================
Worker process is ready to serve import requests
Launched and connected shader compiler UnityShaderCompiler.exe after 0.03 seconds
Refreshing native plugins compatible for Editor in 0.40 ms, found 2 plugins.
Preloading 0 native plugins for Editor in 0.00 ms.
Unloading 1397 Unused Serialized files (Serialized files now loaded: 0)
System memory in use before: 64.8 MB.
System memory in use after: 64.9 MB.

Unloading 16 unused Assets to reduce memory usage. Loaded Objects now: 1832.
Total: 2.902400 ms (FindLiveObjects: 0.175600 ms CreateObjectMapping: 0.059600 ms MarkObjects: 2.606800 ms  DeleteObjects: 0.059100 ms)

AssetImportParameters requested are different than current active one (requested -> active):
  custom:framework-win-MediaFoundation: 216162199b28c13a410421893ffa2e32 -> 
  custom:video-decoder-ogg-theora: a1e56fd34408186e4bbccfd4996cb3dc -> 
  custom:container-muxer-webm: aa71ff27fc2769a1b78a27578f13a17b -> 
  custom:container-demuxer-webm: 4f35f7cbe854078d1ac9338744f61a02 -> 
  custom:container-demuxer-ogg: 62fdf1f143b41e24485cea50d1cbac27 -> 
  custom:video-encoder-webm-vp8: eb34c28f22e8b96e1ab97ce403110664 -> 
  custom:video-decoder-webm-vp8: 9c59270c3fd7afecdb556c50c9e8de78 -> 
  custom:audio-decoder-ogg-vorbis: bf7c407c2cedff20999df2af8eb42d56 -> 
  custom:audio-encoder-webm-vorbis: bf7c407c2cedff20999df2af8eb42d56 -> 
========================================================================
Received Import Request.
  path: Assets/animals/birds/s_sparrow.png
  artifactKey: Guid(6a6b440796622ac42a958bdf2d853609) Importer(815301076,1909f56bfc062723c751e8b465ee728b)
Start importing Assets/animals/birds/s_sparrow.png using Guid(6a6b440796622ac42a958bdf2d853609) Importer(815301076,1909f56bfc062723c751e8b465ee728b)  -> (artifact id: '4457efbbeac0e21fbce91c1b0803c915') in 0.068389 seconds 
  Import took 0.070528 seconds .

========================================================================
Received Import Request.
  Time since last request: 0.000128 seconds.
  path: Assets/animals/birds/s_owl2.png
  artifactKey: Guid(9d9733a7bab1ae6478145170ebe1866a) Importer(815301076,1909f56bfc062723c751e8b465ee728b)
Start importing Assets/animals/birds/s_owl2.png using Guid(9d9733a7bab1ae6478145170ebe1866a) Importer(815301076,1909f56bfc062723c751e8b465ee728b)  -> (artifact id: '6ae514c2de812a9d70396116a1f51d43') in 0.005151 seconds 
  Import took 0.006933 seconds .

========================================================================
Received Import Request.
  Time since last request: 0.000154 seconds.
  path: Assets/animals/birds/s_swallow.png
  artifactKey: Guid(b22a0098f7319a54ca637a91ef4a3e80) Importer(815301076,1909f56bfc062723c751e8b465ee728b)
Start importing Assets/animals/birds/s_swallow.png using Guid(b22a0098f7319a54ca637a91ef4a3e80) Importer(815301076,1909f56bfc062723c751e8b465ee728b)  -> (artifact id: '96554e409a768c353ac487776f7e5d1b') in 0.005665 seconds 
  Import took 0.007503 seconds .

========================================================================
Received Import Request.
  Time since last request: 0.000139 seconds.
  path: Assets/animals/birds
  artifactKey: Guid(bb116bc9b08f2d745bf9e31c01bdd4fd) Importer(815301076,1909f56bfc062723c751e8b465ee728b)
Start importing Assets/animals/birds using Guid(bb116bc9b08f2d745bf9e31c01bdd4fd) Importer(815301076,1909f56bfc062723c751e8b465ee728b)  -> (artifact id: 'e6e7c6e2d8c9a593e1708ddd898f8065') in 0.001543 seconds 
  Import took 0.003411 seconds .

========================================================================
Received Import Request.
  Time since last request: 0.000142 seconds.
  path: Assets/animals/birds/s_hawk.png
  artifactKey: Guid(6fe20902378e3aa4ab7557ed4f11e35e) Importer(815301076,1909f56bfc062723c751e8b465ee728b)
Start importing Assets/animals/birds/s_hawk.png using Guid(6fe20902378e3aa4ab7557ed4f11e35e) Importer(815301076,1909f56bfc062723c751e8b465ee728b)  -> (artifact id: '5ef1bdd96465617cbac370ce13081bd7') in 0.005829 seconds 
  Import took 0.007727 seconds .

========================================================================
Received Import Request.
  Time since last request: 0.000242 seconds.
  path: Assets/animals
  artifactKey: Guid(959166f378808194b8fc3a56123dde69) Importer(815301076,1909f56bfc062723c751e8b465ee728b)
Start importing Assets/animals using Guid(959166f378808194b8fc3a56123dde69) Importer(815301076,1909f56bfc062723c751e8b465ee728b)  -> (artifact id: '3536763ad442283ab3b74a789b7fd58c') in 0.001809 seconds 
  Import took 0.004076 seconds .

========================================================================
Received Import Request.
  Time since last request: 0.000200 seconds.
  path: Assets/animals/birds/s_owl.png
  artifactKey: Guid(71637fa7061ae394aae1d269aaa37ee2) Importer(815301076,1909f56bfc062723c751e8b465ee728b)
Start importing Assets/animals/birds/s_owl.png using Guid(71637fa7061ae394aae1d269aaa37ee2) Importer(815301076,1909f56bfc062723c751e8b465ee728b)  -> (artifact id: '3348c89916a78cc4e194c7e282934432') in 0.007131 seconds 
  Import took 0.008913 seconds .

========================================================================
Received Prepare
Refreshing native plugins compatible for Editor in 1.88 ms, found 2 plugins.
Preloading 0 native plugins for Editor in 0.00 ms.
Unloading 9 Unused Serialized files (Serialized files now loaded: 0)
System memory in use before: 37.2 MB.
System memory in use after: 37.3 MB.

Unloading 9 unused Assets to reduce memory usage. Loaded Objects now: 1835.
Total: 2.626300 ms (FindLiveObjects: 0.116200 ms CreateObjectMapping: 0.037700 ms MarkObjects: 2.458300 ms  DeleteObjects: 0.013100 ms)

AssetImportParameters requested are different than current active one (requested -> active):
  custom:framework-win-MediaFoundation: 216162199b28c13a410421893ffa2e32 -> 
  custom:video-decoder-ogg-theora: a1e56fd34408186e4bbccfd4996cb3dc -> 
  custom:container-muxer-webm: aa71ff27fc2769a1b78a27578f13a17b -> 
  custom:container-demuxer-webm: 4f35f7cbe854078d1ac9338744f61a02 -> 
  custom:container-demuxer-ogg: 62fdf1f143b41e24485cea50d1cbac27 -> 
  custom:video-encoder-webm-vp8: eb34c28f22e8b96e1ab97ce403110664 -> 
  custom:video-decoder-webm-vp8: 9c59270c3fd7afecdb556c50c9e8de78 -> 
  custom:audio-decoder-ogg-vorbis: bf7c407c2cedff20999df2af8eb42d56 -> 
  custom:audio-encoder-webm-vorbis: bf7c407c2cedff20999df2af8eb42d56 -> 
AssetImportWorkerClient::OnTransportError - code=2 error=End of file
